Added Component: Designator=D1(R38)
Added Component: Designator=D2(R38)
Added Component: Designator=D3(R38)
Added Component: Designator=D4(R38)
Added Component: Designator=D5(R38)
Added Component: Designator=D6(R38)
Added Component: Designator=P1(HDR2X20)
Added Component: Designator=P2(HDR1X3)
Added Component: Designator=P3(HDR1X3)
Added Component: Designator=P4(HDR1X3)
Added Component: Designator=P5(HDR1X3)
Added Component: Designator=P6(HDR1X2)
Added Component: Designator=Q?(SOT-23B_N)
Added Component: Designator=R6(C0805)
Added Pin To Net: NetName=3.3V Pin=P1-1
Added Pin To Net: NetName=3.3V Pin=P1-17
Added Net: Name=3.3V
Added Pin To Net: NetName=5V Pin=P1-2
Added Pin To Net: NetName=5V Pin=P1-4
Added Net: Name=5V
Added Pin To Net: NetName=GND Pin=D1-2
Added Pin To Net: NetName=GND Pin=D2-2
Added Pin To Net: NetName=GND Pin=D3-2
Added Pin To Net: NetName=GND Pin=D4-2
Added Pin To Net: NetName=GND Pin=D5-2
Added Pin To Net: NetName=GND Pin=D6-2
Added Pin To Net: NetName=GND Pin=P1-6
Added Pin To Net: NetName=GND Pin=P1-9
Added Pin To Net: NetName=GND Pin=P1-14
Added Pin To Net: NetName=GND Pin=P1-20
Added Pin To Net: NetName=GND Pin=P1-25
Added Pin To Net: NetName=GND Pin=P1-30
Added Pin To Net: NetName=GND Pin=P1-34
Added Pin To Net: NetName=GND Pin=P1-39
Added Pin To Net: NetName=GND Pin=P2-1
Added Pin To Net: NetName=GND Pin=P3-1
Added Pin To Net: NetName=GND Pin=P4-1
Added Pin To Net: NetName=GND Pin=P5-2
Added Pin To Net: NetName=GND Pin=P6-2
Added Net: Name=GND
Added Pin To Net: NetName=GPIO2 Pin=P1-3
Added Net: Name=GPIO2
Added Pin To Net: NetName=GPIO3 Pin=P1-5
Added Net: Name=GPIO3
Added Pin To Net: NetName=GPIO4 Pin=P1-7
Added Pin To Net: NetName=GPIO4 Pin=P2-2
Added Net: Name=GPIO4
Added Pin To Net: NetName=GPIO5 Pin=P1-29
Added Net: Name=GPIO5
Added Pin To Net: NetName=GPIO6 Pin=P1-31
Added Net: Name=GPIO6
Added Pin To Net: NetName=GPIO7 Pin=P1-26
Added Net: Name=GPIO7
Added Pin To Net: NetName=GPIO8 Pin=P1-24
Added Net: Name=GPIO8
Added Pin To Net: NetName=GPIO9 Pin=P1-21
Added Net: Name=GPIO9
Added Pin To Net: NetName=GPIO10 Pin=P1-19
Added Net: Name=GPIO10
Added Pin To Net: NetName=GPIO11 Pin=P1-23
Added Net: Name=GPIO11
Added Pin To Net: NetName=GPIO12 Pin=P1-32
Added Pin To Net: NetName=GPIO12 Pin=P4-2
Added Net: Name=GPIO12
Added Pin To Net: NetName=GPIO13 Pin=D1-1
Added Pin To Net: NetName=GPIO13 Pin=P1-33
Added Net: Name=GPIO13
Added Pin To Net: NetName=GPIO14 Pin=P1-8
Added Net: Name=GPIO14
Added Pin To Net: NetName=GPIO15 Pin=P1-10
Added Net: Name=GPIO15
Added Pin To Net: NetName=GPIO16 Pin=D4-1
Added Pin To Net: NetName=GPIO16 Pin=P1-36
Added Net: Name=GPIO16
Added Pin To Net: NetName=GPIO17 Pin=P1-11
Added Pin To Net: NetName=GPIO17 Pin=P3-2
Added Net: Name=GPIO17
Added Pin To Net: NetName=GPIO18 Pin=P1-12
Added Pin To Net: NetName=GPIO18 Pin=P5-3
Added Net: Name=GPIO18
Added Pin To Net: NetName=GPIO19 Pin=D2-1
Added Pin To Net: NetName=GPIO19 Pin=P1-35
Added Net: Name=GPIO19
Added Pin To Net: NetName=GPIO20 Pin=D5-1
Added Pin To Net: NetName=GPIO20 Pin=P1-38
Added Net: Name=GPIO20
Added Pin To Net: NetName=GPIO21 Pin=D6-1
Added Pin To Net: NetName=GPIO21 Pin=P1-40
Added Net: Name=GPIO21
Added Pin To Net: NetName=GPIO22 Pin=P1-15
Added Net: Name=GPIO22
Added Pin To Net: NetName=GPIO23 Pin=P1-16
Added Net: Name=GPIO23
Added Pin To Net: NetName=GPIO24 Pin=P1-18
Added Net: Name=GPIO24
Added Pin To Net: NetName=GPIO25 Pin=P1-22
Added Net: Name=GPIO25
Added Pin To Net: NetName=GPIO26 Pin=D3-1
Added Pin To Net: NetName=GPIO26 Pin=P1-37
Added Net: Name=GPIO26
Added Pin To Net: NetName=GPIO27 Pin=P1-13
Added Net: Name=GPIO27
Added Pin To Net: NetName=NetP6_1 Pin=P6-1
Added Pin To Net: NetName=NetP6_1 Pin=Q?-1
Added Net: Name=NetP6_1
Added Pin To Net: NetName=NetQ?_2 Pin=Q?-2
Added Pin To Net: NetName=NetQ?_2 Pin=R6-1
Added Net: Name=NetQ?_2
Added Pin To Net: NetName=VCC Pin=P2-3
Added Pin To Net: NetName=VCC Pin=P3-3
Added Pin To Net: NetName=VCC Pin=P4-3
Added Pin To Net: NetName=VCC Pin=P5-1
Added Pin To Net: NetName=VCC Pin=Q?-3
Added Net: Name=VCC
Added Class: Name=Sheet
Added Room: Name=Sheet
