Added Component: Designator=D1(R38)
Added Component: Designator=D2(R38)
Added Component: Designator=D3(R38)
Added Component: Designator=D4(R38)
Added Component: Designator=D5(R38)
Added Component: Designator=D6(R38)
Added Component: Designator=LS1(BUZZ12)
Added Component: Designator=M1(RAD-0.1)
Added Component: Designator=P1(HDR2X20)
Added Component: Designator=P2(HDR1X3)
Added Component: Designator=P3(HDR1X3)
Added Component: Designator=P4(HDR1X3)
Added Component: Designator=P5(HDR2X20)
Added Component: Designator=Q1(SOT-23-3)
Added Component: Designator=Q2(SOT-23-3)
Added Component: Designator=R1(R0805)
Added Component: Designator=R2(R0805)
Added Pin To Net: NetName=GPIO13 Pin=D1-1
Added Pin To Net: NetName=GND Pin=D1-2
Added Pin To Net: NetName=GPIO19 Pin=D2-1
Added Pin To Net: NetName=GND Pin=D2-2
Added Pin To Net: NetName=GPIO26 Pin=D3-1
Added Pin To Net: NetName=GND Pin=D3-2
Added Pin To Net: NetName=GPIO16 Pin=D4-1
Added Pin To Net: NetName=GND Pin=D4-2
Added Pin To Net: NetName=GPIO20 Pin=D5-1
Added Pin To Net: NetName=GND Pin=D5-2
Added Pin To Net: NetName=GPIO21 Pin=D6-1
Added Pin To Net: NetName=GND Pin=D6-2
Added Pin To Net: NetName=NetLS1_1 Pin=LS1-1
Added Pin To Net: NetName=GND Pin=LS1-2
Added Pin To Net: NetName=GND Pin=M1-1
Added Pin To Net: NetName=NetM1_2 Pin=M1-2
Added Pin To Net: NetName=3.3V Pin=P1-1
Added Pin To Net: NetName=5V Pin=P1-2
Added Pin To Net: NetName=GPIO2 Pin=P1-3
Added Pin To Net: NetName=5V Pin=P1-4
Added Pin To Net: NetName=GPIO3 Pin=P1-5
Added Pin To Net: NetName=GND Pin=P1-6
Added Pin To Net: NetName=GPIO4 Pin=P1-7
Added Pin To Net: NetName=GPIO14 Pin=P1-8
Added Pin To Net: NetName=GND Pin=P1-9
Added Pin To Net: NetName=GPIO15 Pin=P1-10
Added Pin To Net: NetName=GPIO17 Pin=P1-11
Added Pin To Net: NetName=GPIO18 Pin=P1-12
Added Pin To Net: NetName=GPIO27 Pin=P1-13
Added Pin To Net: NetName=GND Pin=P1-14
Added Pin To Net: NetName=GPIO22 Pin=P1-15
Added Pin To Net: NetName=GPIO23 Pin=P1-16
Added Pin To Net: NetName=3.3V Pin=P1-17
Added Pin To Net: NetName=GPIO24 Pin=P1-18
Added Pin To Net: NetName=GPIO10 Pin=P1-19
Added Pin To Net: NetName=GND Pin=P1-20
Added Pin To Net: NetName=GPIO9 Pin=P1-21
Added Pin To Net: NetName=GPIO25 Pin=P1-22
Added Pin To Net: NetName=GPIO11 Pin=P1-23
Added Pin To Net: NetName=GPIO8 Pin=P1-24
Added Pin To Net: NetName=GND Pin=P1-25
Added Pin To Net: NetName=GPIO7 Pin=P1-26
Added Pin To Net: NetName=GPIO5 Pin=P1-29
Added Pin To Net: NetName=GND Pin=P1-30
Added Pin To Net: NetName=GPIO6 Pin=P1-31
Added Pin To Net: NetName=GPIO12 Pin=P1-32
Added Pin To Net: NetName=GPIO13 Pin=P1-33
Added Pin To Net: NetName=GND Pin=P1-34
Added Pin To Net: NetName=GPIO19 Pin=P1-35
Added Pin To Net: NetName=GPIO16 Pin=P1-36
Added Pin To Net: NetName=GPIO26 Pin=P1-37
Added Pin To Net: NetName=GPIO20 Pin=P1-38
Added Pin To Net: NetName=GND Pin=P1-39
Added Pin To Net: NetName=GPIO21 Pin=P1-40
Added Pin To Net: NetName=GND Pin=P2-1
Added Pin To Net: NetName=GPIO4 Pin=P2-2
Added Pin To Net: NetName=VCC Pin=P2-3
Added Pin To Net: NetName=VCC Pin=P3-1
Added Pin To Net: NetName=GND Pin=P3-2
Added Pin To Net: NetName=GPIO12 Pin=P3-3
Added Pin To Net: NetName=GND Pin=P4-1
Added Pin To Net: NetName=GPIO18 Pin=P4-2
Added Pin To Net: NetName=VCC Pin=P4-3
Added Pin To Net: NetName=3.3V Pin=P5-1
Added Pin To Net: NetName=5V Pin=P5-2
Added Pin To Net: NetName=GPIO2 Pin=P5-3
Added Pin To Net: NetName=5V Pin=P5-4
Added Pin To Net: NetName=GPIO3 Pin=P5-5
Added Pin To Net: NetName=GND Pin=P5-6
Added Pin To Net: NetName=GPIO4 Pin=P5-7
Added Pin To Net: NetName=GPIO14 Pin=P5-8
Added Pin To Net: NetName=GND Pin=P5-9
Added Pin To Net: NetName=GPIO15 Pin=P5-10
Added Pin To Net: NetName=GPIO17 Pin=P5-11
Added Pin To Net: NetName=GPIO18 Pin=P5-12
Added Pin To Net: NetName=GPIO27 Pin=P5-13
Added Pin To Net: NetName=GND Pin=P5-14
Added Pin To Net: NetName=GPIO22 Pin=P5-15
Added Pin To Net: NetName=GPIO23 Pin=P5-16
Added Pin To Net: NetName=3.3V Pin=P5-17
Added Pin To Net: NetName=GPIO24 Pin=P5-18
Added Pin To Net: NetName=GPIO10 Pin=P5-19
Added Pin To Net: NetName=GND Pin=P5-20
Added Pin To Net: NetName=GPIO9 Pin=P5-21
Added Pin To Net: NetName=GPIO25 Pin=P5-22
Added Pin To Net: NetName=GPIO11 Pin=P5-23
Added Pin To Net: NetName=GPIO8 Pin=P5-24
Added Pin To Net: NetName=GND Pin=P5-25
Added Pin To Net: NetName=GPIO7 Pin=P5-26
Added Pin To Net: NetName=GPIO5 Pin=P5-29
Added Pin To Net: NetName=GND Pin=P5-30
Added Pin To Net: NetName=GPIO6 Pin=P5-31
Added Pin To Net: NetName=GPIO12 Pin=P5-32
Added Pin To Net: NetName=GPIO13 Pin=P5-33
Added Pin To Net: NetName=GND Pin=P5-34
Added Pin To Net: NetName=GPIO19 Pin=P5-35
Added Pin To Net: NetName=GPIO16 Pin=P5-36
Added Pin To Net: NetName=GPIO26 Pin=P5-37
Added Pin To Net: NetName=GPIO20 Pin=P5-38
Added Pin To Net: NetName=GND Pin=P5-39
Added Pin To Net: NetName=GPIO21 Pin=P5-40
Added Pin To Net: NetName=NetQ1_1 Pin=Q1-1
Added Pin To Net: NetName=VCC Pin=Q1-2
Added Pin To Net: NetName=NetM1_2 Pin=Q1-3
Added Pin To Net: NetName=NetQ2_1 Pin=Q2-1
Added Pin To Net: NetName=VCC Pin=Q2-2
Added Pin To Net: NetName=NetLS1_1 Pin=Q2-3
Added Pin To Net: NetName=GPIO6 Pin=R1-1
Added Pin To Net: NetName=NetQ1_1 Pin=R1-2
Added Pin To Net: NetName=GPIO17 Pin=R2-1
Added Pin To Net: NetName=NetQ2_1 Pin=R2-2
Added Pin To Net: NetName=ID_SC Pin=P1-28
Added Pin To Net: NetName=ID_SC Pin=P5-28
Added Net: Name=ID_SC
Added Pin To Net: NetName=ID_SD Pin=P1-27
Added Pin To Net: NetName=ID_SD Pin=P5-27
Added Net: Name=ID_SD
Added Member To Class: ClassName=Sheet Member=Component D1 LED_B
Added Member To Class: ClassName=Sheet Member=Component D2 LED_Y
Added Member To Class: ClassName=Sheet Member=Component D3 LED_R
Added Member To Class: ClassName=Sheet Member=Component D4 LED_B
Added Member To Class: ClassName=Sheet Member=Component D5 LED_Y
Added Member To Class: ClassName=Sheet Member=Component D6 LED_R
Added Member To Class: ClassName=Sheet Member=Component LS1 Bell
Added Member To Class: ClassName=Sheet Member=Component M1 Meter
Added Member To Class: ClassName=Sheet Member=Component P1 GPIO40
Added Member To Class: ClassName=Sheet Member=Component P2 DHT11
Added Member To Class: ClassName=Sheet Member=Component P3 Slant
Added Member To Class: ClassName=Sheet Member=Component P4 HC-SR501
Added Member To Class: ClassName=Sheet Member=Component P5 GPIO40
Added Member To Class: ClassName=Sheet Member=Component Q1 2YT8550
Added Member To Class: ClassName=Sheet Member=Component Q2 2YT8550
Added Member To Class: ClassName=Sheet Member=Component R1 1k
Added Member To Class: ClassName=Sheet Member=Component R2 1k
